11:32:01 - Ambient.mp3
11:32:09 - A
11:32:09 - 00 - Welcome.mp3
11:32:25 - B
11:32:25 - 01 - Hill Pumpkin Shack.mp3
11:32:36 - C
11:32:36 - 02 - Steampunk.mp3
11:32:44 - D
11:32:44 - 03 - Hunters Shack.mp3
11:32:46 - Ambient.mp3
11:32:50 - E
11:32:50 - 04 - Witches.mp3
11:33:12 - F
11:33:12 - 05 - Town Loop.mp3
11:33:14 - Ambient.mp3
11:33:19 - G
11:33:19 - 06 - Clown.mp3
11:33:28 - H
11:33:28 - 07 - Headless Horseman.mp3
11:33:52 - I
11:33:52 - 08 - Sawmill.mp3
11:34:04 - J
11:34:04 - 09 - Graveyard.mp3
11:34:38 - K
11:34:38 - 10 - Cage.mp3
11:34:45 - L
11:34:45 - 11 - Chop Shop.mp3
11:35:03 - RESET
11:35:04 - Ambient.mp3
